10/23/2024 05:47:25 PM: INFO: ***subCategoryMaster PAGE  URL is verified***
10/23/2024 05:47:33 PM: INFO: *Search Category displayed*
10/23/2024 05:55:17 PM: INFO: ***subCategoryMaster PAGE  URL is verified***
10/23/2024 05:55:25 PM: INFO: *Search Category displayed*
10/23/2024 05:56:09 PM: INFO: ***subCategoryMaster PAGE  URL is verified***
10/23/2024 05:56:18 PM: INFO: *Search Category displayed*
10/23/2024 05:58:28 PM: INFO: ***subCategoryMaster PAGE  URL is verified***
10/23/2024 05:58:36 PM: INFO: *Search Category displayed*
10/23/2024 05:59:57 PM: INFO: ***subCategoryMaster PAGE  URL is verified***
10/23/2024 06:00:06 PM: INFO: *Search Category displayed*
10/23/2024 06:07:27 PM: INFO: ***subCategoryMaster PAGE  URL is verified***
10/23/2024 06:07:35 PM: INFO: *Search Category displayed*
10/23/2024 06:07:45 PM: INFO: *****NEW CATEGORY CREATED*****
10/23/2024 06:54:38 PM: INFO: ***subCategoryMaster PAGE  URL is verified***
10/23/2024 06:54:47 PM: INFO: *Search Category displayed*
10/23/2024 06:54:55 PM: INFO: *****NEW SUB-CATEGORY CREATED*****
10/23/2024 06:55:00 PM: INFO: *Search Sub-Category displayed*
10/23/2024 07:02:24 PM: INFO: ***subCategoryMaster PAGE  URL is verified***
10/23/2024 07:02:32 PM: INFO: *Search Category displayed*
10/23/2024 07:02:41 PM: INFO: *****NEW SUB-CATEGORY CREATED*****
10/23/2024 07:02:46 PM: INFO: *Search Sub-Category displayed*
10/23/2024 07:13:36 PM: INFO: ***subCategoryMaster PAGE  URL is verified***
10/23/2024 07:13:44 PM: INFO: *Search Category displayed*
10/23/2024 07:13:53 PM: INFO: *****NEW SUB-CATEGORY CREATED*****
10/23/2024 07:13:58 PM: INFO: *Search Sub-Category displayed*
10/23/2024 07:19:07 PM: INFO: ***subCategoryMaster PAGE  URL is verified***
10/23/2024 07:19:16 PM: INFO: *Search Category displayed*
10/23/2024 07:19:24 PM: INFO: *****NEW SUB-CATEGORY CREATED*****
10/23/2024 07:19:29 PM: INFO: *Search Sub-Category displayed*
10/23/2024 07:19:40 PM: INFO: ***UPDATED SUB-CATEGORY SUCCESSFULLY***
10/23/2024 07:22:06 PM: INFO: ***subCategoryMaster PAGE  URL is verified***
10/23/2024 07:22:14 PM: INFO: *Search Category displayed*
10/23/2024 07:22:23 PM: INFO: *****NEW SUB-CATEGORY CREATED*****
10/23/2024 07:22:28 PM: INFO: *Search Sub-Category displayed*
10/23/2024 07:22:39 PM: INFO: ***UPDATED SUB-CATEGORY SUCCESSFULLY***
10/23/2024 07:24:20 PM: INFO: ***subCategoryMaster PAGE  URL is verified***
10/23/2024 07:24:28 PM: INFO: *Search Category displayed*
10/23/2024 07:24:37 PM: INFO: *****NEW SUB-CATEGORY CREATED*****
10/23/2024 07:24:42 PM: INFO: *Search Sub-Category displayed*
10/23/2024 07:24:52 PM: INFO: ***UPDATED SUB-CATEGORY SUCCESSFULLY***
10/24/2024 04:28:29 PM: INFO: ***CategoryMaster PAGE  URL is verified***
10/24/2024 04:28:39 PM: INFO: *****NEW PR0DUCT CATEGORY CREATED*****
10/24/2024 04:28:44 PM: INFO: *Search Category displayed*
10/24/2024 04:28:55 PM: INFO: ***UPDATED PRODUCT CATEGORY SUCCESSFULLY***
01/15/2025 02:09:52 PM: INFO: **Test_001_Login**
01/15/2025 02:09:52 PM: INFO: Verifying Login Page URL
01/15/2025 02:09:57 PM: INFO: LOGIN PAGE URL VERIFICATION PASS
01/15/2025 02:09:59 PM: INFO: **Verifying LOGIN TEST**
01/15/2025 02:10:41 PM: INFO: Home PAGE URL VERIFICATION PASS
01/15/2025 02:10:41 PM: INFO: LOGIN TEST PASS
01/15/2025 02:13:42 PM: INFO: **Test_001_Login**
01/15/2025 02:13:42 PM: INFO: Verifying Login Page URL
01/15/2025 02:13:49 PM: INFO: LOGIN PAGE URL VERIFICATION PASS
01/15/2025 02:13:51 PM: INFO: **Verifying LOGIN TEST**
01/15/2025 02:14:30 PM: INFO: Home PAGE URL VERIFICATION PASS
01/15/2025 02:14:30 PM: INFO: LOGIN TEST PASS
01/15/2025 05:42:43 PM: INFO: **Test_001_Login**
01/15/2025 05:42:43 PM: INFO: Verifying Login Page URL
01/15/2025 05:42:51 PM: INFO: LOGIN PAGE URL VERIFICATION PASS
01/15/2025 05:42:53 PM: INFO: **Verifying LOGIN TEST**
01/15/2025 05:43:32 PM: INFO: Home PAGE URL VERIFICATION PASS
01/15/2025 05:43:32 PM: INFO: LOGIN TEST PASS
01/15/2025 06:22:57 PM: INFO: **Test_001_Login**
01/15/2025 06:22:57 PM: INFO: Verifying Login Page URL
01/15/2025 06:23:04 PM: INFO: **Verifying LOGIN TEST**
01/15/2025 06:23:44 PM: INFO: Home PAGE URL VERIFICATION PASS
01/15/2025 06:23:44 PM: INFO: LOGIN TEST PASS
01/15/2025 06:36:39 PM: INFO: **Test_001_Login**
01/15/2025 06:36:39 PM: INFO: Verifying Login Page URL
01/15/2025 06:36:44 PM: INFO: **Verifying LOGIN TEST**
01/15/2025 06:39:58 PM: INFO: **Test_001_Login**
01/15/2025 06:39:58 PM: INFO: Verifying Login Page URL
01/15/2025 06:40:03 PM: INFO: **Verifying LOGIN TEST**
01/15/2025 06:40:21 PM: INFO: **Test_001_Login**
01/15/2025 06:40:21 PM: INFO: Verifying Login Page URL
01/15/2025 06:40:26 PM: INFO: **Verifying LOGIN TEST**
01/15/2025 06:50:39 PM: INFO: **Test_001_Login**
01/15/2025 06:50:39 PM: INFO: Verifying Login Page URL
01/15/2025 06:50:45 PM: INFO: **Verifying LOGIN TEST**
01/15/2025 06:53:14 PM: INFO: **Test_001_Login**
01/15/2025 06:53:14 PM: INFO: Verifying Login Page URL
01/15/2025 06:53:19 PM: ERROR: LOGIN PAGE URL VERIFICATION FAILED
01/15/2025 06:53:23 PM: INFO: **Verifying LOGIN TEST**
01/16/2025 01:10:27 PM: INFO: **Test_001_Login**
01/16/2025 01:10:27 PM: INFO: Verifying Login Page URL
01/16/2025 01:10:35 PM: INFO: **Verifying LOGIN TEST**
01/16/2025 01:11:58 PM: INFO: **Test_001_Login**
01/16/2025 01:11:58 PM: INFO: Verifying Login Page URL
01/16/2025 01:12:04 PM: INFO: **Verifying LOGIN TEST**
01/16/2025 01:18:08 PM: INFO: **Test_001_Login**
01/16/2025 01:18:08 PM: INFO: Verifying Login Page URL
01/16/2025 01:18:14 PM: INFO: **Verifying LOGIN TEST**
01/16/2025 01:25:40 PM: INFO: **Test_001_Login**
01/16/2025 01:25:40 PM: INFO: Verifying Login Page URL
01/16/2025 01:25:47 PM: INFO: **Verifying LOGIN TEST**
01/16/2025 01:32:46 PM: INFO: **Test_001_Login**
01/16/2025 01:32:46 PM: INFO: Verifying Login Page URL
01/16/2025 01:32:50 PM: INFO: **Verifying LOGIN TEST**
01/16/2025 01:34:21 PM: INFO: **Test_001_Login**
01/16/2025 01:34:21 PM: INFO: Verifying Login Page URL
01/16/2025 01:34:24 PM: ERROR: LOGIN PAGE URL VERIFICATION FAILED
01/16/2025 01:34:26 PM: INFO: **Verifying LOGIN TEST**
01/16/2025 01:35:39 PM: INFO: **Test_001_Login**
01/16/2025 01:35:39 PM: INFO: Verifying Login Page URL
01/16/2025 01:35:43 PM: INFO: **Verifying LOGIN TEST**
01/16/2025 01:37:52 PM: INFO: **Test_001_Login**
01/16/2025 01:37:52 PM: INFO: Verifying Login Page URL
01/16/2025 01:37:57 PM: INFO: **Verifying LOGIN TEST**
01/16/2025 01:45:21 PM: INFO: **Test_001_Login**
01/16/2025 01:45:21 PM: INFO: Verifying Login Page URL
01/16/2025 01:45:29 PM: INFO: **Verifying LOGIN TEST**
01/16/2025 01:47:02 PM: INFO: **Test_001_Login**
01/16/2025 01:47:02 PM: INFO: Verifying Login Page URL
01/16/2025 01:47:09 PM: INFO: **Verifying LOGIN TEST**
01/16/2025 01:50:40 PM: INFO: **Test_001_Login**
01/16/2025 01:50:40 PM: INFO: Verifying Login Page URL
01/16/2025 01:50:46 PM: INFO: **Verifying LOGIN TEST**
01/16/2025 01:51:34 PM: INFO: **Test_001_Login**
01/16/2025 01:51:34 PM: INFO: Verifying Login Page URL
01/16/2025 01:51:38 PM: INFO: **Verifying LOGIN TEST**
01/16/2025 01:55:22 PM: INFO: **Test_001_Login**
01/16/2025 01:55:22 PM: INFO: Verifying Login Page URL
01/16/2025 01:55:30 PM: INFO: **Verifying LOGIN TEST**
01/16/2025 01:56:38 PM: INFO: **Test_001_Login**
01/16/2025 01:56:38 PM: INFO: Verifying Login Page URL
01/16/2025 01:56:42 PM: INFO: **Verifying LOGIN TEST**
01/16/2025 02:03:15 PM: INFO: **Test_001_Login**
01/16/2025 02:03:15 PM: INFO: Verifying Login Page URL
01/16/2025 02:03:20 PM: INFO: **Verifying LOGIN TEST**
01/16/2025 02:04:32 PM: INFO: **Test_001_Login**
01/16/2025 02:04:32 PM: INFO: Verifying Login Page URL
01/16/2025 02:04:40 PM: ERROR: LOGIN PAGE URL VERIFICATION FAILED
01/16/2025 02:04:41 PM: INFO: **Verifying LOGIN TEST**
01/16/2025 02:08:52 PM: INFO: **Test_001_Login**
01/16/2025 02:08:52 PM: INFO: Verifying Login Page URL
01/16/2025 02:08:57 PM: ERROR: LOGIN PAGE URL VERIFICATION FAILED
01/16/2025 02:08:59 PM: INFO: **Verifying LOGIN TEST**
01/16/2025 02:15:35 PM: INFO: **Test_001_Login**
01/16/2025 02:15:35 PM: INFO: Verifying Login Page URL
01/16/2025 02:15:41 PM: ERROR: LOGIN PAGE URL VERIFICATION FAILED
01/16/2025 02:15:43 PM: INFO: **Verifying LOGIN TEST**
01/16/2025 02:16:23 PM: ERROR: Home PAGE URL VERIFICATION FAILED
01/16/2025 02:16:23 PM: ERROR: LOGIN TEST FAILED
01/16/2025 02:17:55 PM: INFO: **Test_001_Login**
01/16/2025 02:17:55 PM: INFO: Verifying Login Page URL
01/16/2025 02:18:03 PM: ERROR: LOGIN PAGE URL VERIFICATION FAILED
01/16/2025 02:18:04 PM: INFO: **Verifying LOGIN TEST**
01/16/2025 02:18:43 PM: ERROR: Home PAGE URL VERIFICATION FAILED
01/16/2025 02:18:43 PM: ERROR: LOGIN TEST FAILED
01/28/2025 12:46:43 PM: INFO: **Test_001_Login**
01/28/2025 12:46:43 PM: INFO: Verifying Login Page URL
01/28/2025 12:46:52 PM: INFO: **Verifying LOGIN TEST**
01/28/2025 12:57:29 PM: INFO: **Test_001_Login**
01/28/2025 12:57:29 PM: INFO: Verifying Login Page URL
01/28/2025 12:57:34 PM: INFO: LOGIN PAGE URL VERIFICATION FAILED
01/28/2025 12:57:36 PM: INFO: **Verifying LOGIN TEST**
01/28/2025 12:57:55 PM: INFO: Home PAGE URL VERIFICATION FAILED
01/28/2025 12:58:07 PM: INFO: Home PAGE URL VERIFICATION FAILED
01/28/2025 12:58:18 PM: INFO: Home PAGE URL VERIFICATION FAILED
01/28/2025 12:58:30 PM: INFO: Home PAGE URL VERIFICATION FAILED
01/28/2025 01:04:29 PM: INFO: **Verifying LOGIN TEST**
01/28/2025 01:04:35 PM: INFO: LOGIN PAGE URL VERIFICATION FAILED
01/28/2025 01:05:29 PM: INFO: **Verifying LOGIN TEST**
01/28/2025 01:05:35 PM: INFO: LOGIN PAGE URL VERIFICATION FAILED
01/28/2025 01:06:47 PM: INFO: **Verifying LOGIN TEST**
01/28/2025 01:06:51 PM: INFO: LOGIN PAGE URL VERIFICATION FAILED
01/28/2025 01:07:00 PM: INFO: Home PAGE URL VERIFICATION FAILED
01/28/2025 01:07:12 PM: INFO: Home PAGE URL VERIFICATION FAILED
01/28/2025 01:07:23 PM: INFO: Home PAGE URL VERIFICATION FAILED
01/28/2025 01:07:35 PM: INFO: Home PAGE URL VERIFICATION FAILED
01/28/2025 02:51:45 PM: INFO: **Test_001_Login**
01/28/2025 02:51:45 PM: INFO: Verifying Login Page URL
01/28/2025 02:51:52 PM: INFO: **Verifying LOGIN TEST**
01/28/2025 03:27:50 PM: INFO: **Test_001_Login**
01/28/2025 03:27:50 PM: INFO: Verifying Login Page URL
01/28/2025 03:27:57 PM: INFO: **Verifying LOGIN TEST**
01/28/2025 03:28:27 PM: INFO: **Test_001_Login**
01/28/2025 03:28:27 PM: INFO: Verifying Login Page URL
01/28/2025 03:28:32 PM: INFO: **Verifying LOGIN TEST**
01/28/2025 04:17:11 PM: INFO: **Test_001_Login**
01/28/2025 04:17:11 PM: INFO: Verifying Login Page URL
01/28/2025 04:17:17 PM: INFO: **Verifying LOGIN TEST**
01/28/2025 04:25:54 PM: INFO: **Test_001_Login**
01/28/2025 04:25:54 PM: INFO: Verifying Login Page URL
01/28/2025 04:25:59 PM: INFO: **Verifying LOGIN TEST**
01/28/2025 04:34:09 PM: INFO: **Test_001_Login**
01/28/2025 04:34:09 PM: INFO: Verifying Login Page URL
01/28/2025 04:34:15 PM: INFO: **Verifying LOGIN TEST**
01/28/2025 04:39:48 PM: INFO: **Test_001_Login**
01/28/2025 04:39:48 PM: INFO: Verifying Login Page URL
01/28/2025 04:39:54 PM: INFO: **Verifying LOGIN TEST**
01/28/2025 04:40:27 PM: INFO: **Test_001_Login**
01/28/2025 04:40:27 PM: INFO: Verifying Login Page URL
01/28/2025 04:40:32 PM: INFO: **Verifying LOGIN TEST**
01/28/2025 04:41:52 PM: INFO: **Test_001_Login**
01/28/2025 04:41:52 PM: INFO: Verifying Login Page URL
01/28/2025 04:42:02 PM: INFO: **Verifying LOGIN TEST**
01/28/2025 05:24:23 PM: INFO: **Test_001_Login**
01/28/2025 05:24:23 PM: INFO: Verifying Login Page URL
01/28/2025 05:24:29 PM: INFO: **Verifying LOGIN TEST**
01/28/2025 06:00:04 PM: INFO: **Test_001_Login**
01/28/2025 06:00:04 PM: INFO: Verifying Login Page URL
01/28/2025 06:00:11 PM: INFO: **Verifying LOGIN TEST**
01/28/2025 06:01:25 PM: INFO: **Test_001_Login**
01/28/2025 06:01:25 PM: INFO: Verifying Login Page URL
01/28/2025 06:01:34 PM: INFO: LOGIN PAGE URL VERIFICATION FAILED
01/28/2025 06:01:36 PM: INFO: **Verifying LOGIN TEST**
01/28/2025 06:01:49 PM: INFO: HOME PAGE URL VERIFICATION FAILED
01/28/2025 06:02:53 PM: INFO: **Test_001_Login**
01/28/2025 06:02:53 PM: INFO: Verifying Login Page URL
01/28/2025 06:02:59 PM: INFO: LOGIN PAGE URL VERIFICATION FAILED
01/28/2025 06:03:00 PM: INFO: **Verifying LOGIN TEST**
01/28/2025 06:03:16 PM: INFO: HOME PAGE URL VERIFICATION FAILED
01/28/2025 06:03:52 PM: INFO: **Test_001_Login**
01/28/2025 06:03:52 PM: INFO: Verifying Login Page URL
01/28/2025 06:03:58 PM: INFO: LOGIN PAGE URL VERIFICATION FAILED
01/28/2025 06:04:00 PM: INFO: **Verifying LOGIN TEST**
01/28/2025 06:04:13 PM: INFO: HOME PAGE URL VERIFICATION FAILED
01/28/2025 06:18:03 PM: INFO: **Test_001_Login**
01/28/2025 06:18:03 PM: INFO: Verifying Login Page URL
01/28/2025 06:18:06 PM: INFO: LOGIN PAGE URL VERIFICATION FAILED
01/28/2025 06:18:09 PM: INFO: **Verifying LOGIN TEST**
01/28/2025 06:22:24 PM: INFO: **Test_001_Login**
01/28/2025 06:22:24 PM: INFO: Verifying Login Page URL
01/28/2025 06:22:28 PM: INFO: LOGIN PAGE URL VERIFICATION FAILED
01/28/2025 06:22:30 PM: INFO: **Verifying LOGIN TEST**
01/28/2025 06:27:32 PM: INFO: **Test_001_Login**
01/28/2025 06:27:32 PM: INFO: Verifying Login Page URL
01/28/2025 06:27:44 PM: INFO: LOGIN PAGE URL VERIFICATION PASS
01/28/2025 06:27:46 PM: INFO: **Verifying LOGIN TEST**
01/28/2025 06:28:05 PM: INFO: HOME PAGE URL VERIFICATION FAILED
01/28/2025 06:37:46 PM: INFO: **Test_001_Login**
01/28/2025 06:37:46 PM: INFO: Verifying Login Page URL
01/28/2025 06:37:50 PM: INFO: LOGIN PAGE URL VERIFICATION PASS
01/28/2025 06:37:52 PM: INFO: **Verifying LOGIN TEST**
01/28/2025 06:38:07 PM: INFO: HOME PAGE URL VERIFICATION FAILED
01/28/2025 06:43:24 PM: INFO: **Test_001_Login**
01/28/2025 06:43:24 PM: INFO: Verifying Login Page URL
01/28/2025 06:43:29 PM: INFO: LOGIN PAGE URL VERIFICATION PASS
01/28/2025 06:43:30 PM: INFO: **Verifying LOGIN TEST**
01/28/2025 06:44:08 PM: INFO: HOME  PAGE URL VERIFICATION PASS
01/28/2025 06:52:14 PM: INFO: **Test_001_Login**
01/28/2025 06:52:14 PM: INFO: Verifying Login Page URL
01/28/2025 06:52:19 PM: INFO: LOGIN PAGE URL VERIFICATION PASS
01/28/2025 06:52:21 PM: INFO: **Verifying LOGIN TEST**
01/28/2025 06:52:59 PM: INFO: HOME  PAGE URL VERIFICATION PASS
01/30/2025 08:15:24 PM: INFO: **Test_001_Login**
01/30/2025 08:15:24 PM: INFO: Verifying Login Page URL
01/30/2025 08:15:43 PM: INFO: LOGIN PAGE URL VERIFICATION PASS
01/30/2025 08:15:50 PM: INFO: **Verifying LOGIN TEST**
01/30/2025 08:16:49 PM: INFO: HOME  PAGE URL VERIFICATION PASS
01/30/2025 08:23:11 PM: INFO: **Test_002_Homepage**
01/30/2025 08:24:27 PM: INFO: **Test_002_Homepage**
01/30/2025 08:24:53 PM: INFO: HOME  PAGE URL VERIFICATION PASS
01/30/2025 08:25:57 PM: INFO: **Test_002_Homepage**
01/30/2025 08:26:20 PM: INFO: HOME PAGE URL VERIFICATION FAILED
01/30/2025 08:27:51 PM: INFO: **Test_001_Login**
01/30/2025 08:27:51 PM: INFO: Verifying Login Page URL
01/30/2025 08:28:06 PM: INFO: LOGIN PAGE URL VERIFICATION FAILED
01/30/2025 08:28:18 PM: INFO: **Verifying LOGIN TEST**
01/30/2025 08:29:18 PM: INFO: HOME PAGE URL VERIFICATION FAILED
01/30/2025 08:39:45 PM: INFO: **Test_001_Login**
01/30/2025 08:39:45 PM: INFO: Verifying Login Page URL
01/30/2025 08:39:59 PM: INFO: LOGIN PAGE URL VERIFICATION FAILED
01/30/2025 08:40:10 PM: INFO: **Verifying LOGIN TEST**
01/30/2025 08:41:18 PM: INFO: HOME PAGE URL VERIFICATION FAILED
01/30/2025 08:44:28 PM: INFO: **Test_001_Login**
01/30/2025 08:44:28 PM: INFO: Verifying Login Page URL
01/30/2025 08:44:46 PM: INFO: LOGIN PAGE URL VERIFICATION FAILED
01/30/2025 08:44:55 PM: INFO: **Verifying LOGIN TEST**
01/30/2025 08:45:59 PM: INFO: LOGIN PAGE URL VERIFICATION FAILED
01/30/2025 08:47:07 PM: INFO: **Test_001_Login**
01/30/2025 08:47:07 PM: INFO: Verifying Login Page URL
01/30/2025 08:47:22 PM: INFO: LOGIN PAGE URL VERIFICATION PASS
01/30/2025 08:47:30 PM: INFO: **Verifying LOGIN TEST**
01/30/2025 08:48:29 PM: INFO: LOGIN PAGE URL VERIFICATION PASS
01/30/2025 08:49:31 PM: INFO: **Test_002_Homepage**
01/30/2025 08:50:01 PM: INFO: LOGIN PAGE URL VERIFICATION FAILED
01/30/2025 08:51:03 PM: INFO: **Test_002_Homepage**
01/30/2025 08:51:30 PM: INFO: LOGIN PAGE URL VERIFICATION PASS
01/31/2025 03:36:22 PM: INFO: LOGIN PAGE URL VERIFICATION FAILED
01/31/2025 03:38:23 PM: INFO: LOGIN PAGE URL VERIFICATION PASS
01/31/2025 03:40:03 PM: INFO: LOGIN PAGE URL VERIFICATION PASS
01/31/2025 03:41:29 PM: INFO: LOGIN PAGE URL VERIFICATION PASS
01/31/2025 03:52:20 PM: INFO: LOGIN PAGE URL VERIFICATION PASS
01/31/2025 03:53:22 PM: INFO: LOGIN PAGE URL VERIFICATION PASS
01/31/2025 03:54:54 PM: INFO: *****NEW PR0DUCT CATEGORY CREATED*****
01/31/2025 03:54:59 PM: INFO: *Search Category displayed*
01/31/2025 03:55:10 PM: INFO: ***UPDATED PRODUCT CATEGORY SUCCESSFULLY***
01/31/2025 04:02:37 PM: INFO: LOGIN PAGE URL VERIFICATION PASS
01/31/2025 04:02:47 PM: INFO: *****NEW PR0DUCT CATEGORY CREATED*****
01/31/2025 04:02:52 PM: INFO: *Search Category displayed*
01/31/2025 04:03:03 PM: INFO: ***UPDATED PRODUCT CATEGORY SUCCESSFULLY***
01/31/2025 04:04:25 PM: INFO: LOGIN PAGE URL VERIFICATION PASS
01/31/2025 04:04:36 PM: INFO: *****NEW PR0DUCT CATEGORY CREATED*****
01/31/2025 04:04:41 PM: INFO: *Search Category displayed*
01/31/2025 04:04:52 PM: INFO: ***UPDATED PRODUCT CATEGORY SUCCESSFULLY***
05/08/2025 12:32:19 PM: INFO: **Test_001_Login**
05/08/2025 12:32:19 PM: INFO: Verifying Login Page URL
05/08/2025 12:32:21 PM: INFO: LOGIN PAGE URL VERIFICATION PASS
05/08/2025 12:32:23 PM: INFO: **Verifying LOGIN TEST**
05/08/2025 12:32:59 PM: INFO: LOGIN PAGE URL VERIFICATION PASS
07/02/2025 12:55:27 PM: INFO: **Test_001_Login**
07/02/2025 12:55:27 PM: INFO: Verifying Login Page URL
07/02/2025 12:55:32 PM: INFO: LOGIN PAGE URL VERIFICATION PASS
07/02/2025 12:55:33 PM: INFO: **Verifying LOGIN TEST**
07/02/2025 12:56:10 PM: INFO: LOGIN PAGE URL VERIFICATION PASS
07/02/2025 01:02:03 PM: INFO: **Test_002_Homepage**
07/02/2025 01:02:11 PM: INFO: LOGIN PAGE URL VERIFICATION PASS
07/02/2025 01:05:12 PM: INFO: LOGIN PAGE URL VERIFICATION PASS
07/02/2025 01:05:22 PM: INFO: *****NEW PR0DUCT CATEGORY CREATED*****
07/02/2025 01:05:27 PM: INFO: *Search Category displayed*
07/02/2025 01:05:38 PM: INFO: ***UPDATED PRODUCT CATEGORY SUCCESSFULLY***
07/02/2025 03:26:02 PM: INFO: ***subCategoryMaster PAGE  URL is verified***
07/02/2025 03:26:11 PM: INFO: *Search Category displayed*
07/02/2025 04:17:10 PM: INFO: **Test_001_Login - Verifying Login Page URL**
07/02/2025 04:17:14 PM: INFO: URL VERIFICATION PASS
07/02/2025 04:17:16 PM: INFO: **Test_001_Login - Verifying Multiple Login Attempts**
07/02/2025 04:18:39 PM: INFO: **Test_001_Login - Verifying Login Page URL**
07/02/2025 04:18:43 PM: INFO: URL VERIFICATION PASS
07/02/2025 04:18:45 PM: INFO: **Test_001_Login - Verifying Multiple Login Attempts**
07/02/2025 04:32:14 PM: INFO: **Test_001_Login - Verifying Login Page URL**
07/02/2025 04:32:16 PM: INFO: URL VERIFICATION PASS
07/02/2025 04:32:18 PM: INFO: **Test_001_Login - Verifying Multiple Login Attempts**
07/02/2025 04:34:04 PM: INFO: **Test_001_Login - Verifying Login Page URL**
07/02/2025 04:34:06 PM: INFO: URL VERIFICATION PASS
07/02/2025 04:34:08 PM: INFO: **Test_001_Login - Verifying Multiple Login Attempts**
07/02/2025 04:39:35 PM: INFO: **Test_001_Login - Verifying Login Page URL**
07/02/2025 04:39:37 PM: INFO: URL VERIFICATION PASS
07/02/2025 04:39:39 PM: INFO: **Test_001_Login - Verifying Multiple Login Attempts**
07/02/2025 04:41:25 PM: INFO: **Test_001_Login - Verifying Login Page URL**
07/02/2025 04:41:27 PM: INFO: URL VERIFICATION PASS
07/02/2025 04:41:29 PM: INFO: **Test_001_Login - Verifying Multiple Login Attempts**
07/02/2025 04:44:56 PM: INFO: **Test_001_Login - Verifying Login Page URL**
07/02/2025 04:44:58 PM: INFO: URL VERIFICATION PASS
07/02/2025 04:45:00 PM: INFO: **Test_001_Login - Verifying Multiple Login Attempts**
07/02/2025 04:48:02 PM: INFO: **Test_001_Login - Verifying Login Page URL**
07/02/2025 04:48:06 PM: INFO: URL VERIFICATION PASS
07/02/2025 04:48:08 PM: INFO: **Test_001_Login - Verifying Multiple Login Attempts**
07/02/2025 04:53:47 PM: INFO: **Test_001_Login**
07/02/2025 04:53:47 PM: INFO: Verifying Login Page URL
07/02/2025 04:53:49 PM: INFO: URL VERIFICATION PASS
07/02/2025 04:53:51 PM: INFO: **Verifying LOGIN TEST**
07/02/2025 04:54:28 PM: INFO: URL VERIFICATION PASS
07/02/2025 05:01:37 PM: INFO: **Test_001_Login - Verifying Login Page URL**
07/02/2025 05:01:39 PM: INFO: URL VERIFICATION PASS
07/02/2025 05:01:41 PM: INFO: **Test_001_Login - Verifying LOGIN with Multiple Users**
07/02/2025 05:02:06 PM: INFO: URL VERIFICATION PASS
07/02/2025 05:02:25 PM: INFO: **Test_001_Login - Verifying Login Page URL**
07/02/2025 05:02:27 PM: INFO: URL VERIFICATION PASS
07/02/2025 05:02:28 PM: INFO: **Test_001_Login - Verifying LOGIN with Multiple Users**
07/02/2025 05:02:52 PM: INFO: URL VERIFICATION PASS
07/02/2025 05:20:28 PM: INFO: **Test_001_Login - Verifying Login Page URL**
07/02/2025 05:20:30 PM: INFO: URL VERIFICATION PASS
07/02/2025 05:20:32 PM: INFO: **Test_001_Login - Verifying LOGIN with Multiple Users**
07/02/2025 05:20:56 PM: INFO: URL VERIFICATION PASS
07/02/2025 05:26:03 PM: INFO: **Test_002_Homepage - Verifying Home Page after Login**
07/02/2025 05:26:11 PM: INFO: URL VERIFICATION PASS
07/02/2025 05:57:04 PM: INFO: **Test_003_Category - Start**
07/02/2025 05:57:14 PM: INFO: URL VERIFICATION PASS
07/02/2025 05:57:18 PM: INFO: ***** NEW PRODUCT CATEGORY CREATED *****
07/02/2025 05:57:18 PM: INFO: * Search Category displayed *
07/02/2025 05:57:22 PM: INFO: *** UPDATED PRODUCT CATEGORY SUCCESSFULLY ***
07/02/2025 05:58:00 PM: INFO: **Test_001_Login - Verifying Login Page URL**
07/02/2025 05:58:03 PM: INFO: URL VERIFICATION PASS
07/02/2025 05:58:04 PM: INFO: **Test_001_Login - Verifying LOGIN with Multiple Users**
07/02/2025 05:58:29 PM: INFO: URL VERIFICATION PASS
07/02/2025 06:03:23 PM: INFO: **Test_004_SubCategory - Start**
07/02/2025 06:03:33 PM: INFO: URL VERIFICATION PASS
07/02/2025 06:03:35 PM: INFO: *Search Category displayed*
07/02/2025 06:11:59 PM: INFO: **Test_004_SubCategory - Start**
07/02/2025 06:12:09 PM: INFO: URL VERIFICATION PASS
07/02/2025 06:12:11 PM: INFO: *Search Category displayed*
07/02/2025 06:12:13 PM: INFO: ***** NEW SUB-CATEGORY CREATED *****
07/02/2025 06:12:15 PM: INFO: *Search Sub-Category displayed*
07/02/2025 06:12:19 PM: INFO: *** UPDATED SUB-CATEGORY SUCCESSFULLY ***
07/02/2025 06:13:59 PM: INFO: **Test_004_SubCategory - Start**
07/02/2025 06:14:11 PM: INFO: URL VERIFICATION PASS
07/02/2025 06:14:12 PM: INFO: *Search Category displayed*
07/02/2025 06:14:15 PM: INFO: ***** NEW SUB-CATEGORY CREATED *****
07/02/2025 06:14:17 PM: INFO: *Search Sub-Category displayed*
07/02/2025 06:14:55 PM: INFO: **Test_004_SubCategory - Start**
07/02/2025 06:15:05 PM: INFO: URL VERIFICATION PASS
07/02/2025 06:15:07 PM: INFO: *Search Category displayed*
07/02/2025 06:15:10 PM: INFO: ***** NEW SUB-CATEGORY CREATED *****
07/02/2025 06:15:12 PM: INFO: *Search Sub-Category displayed*
07/02/2025 06:15:16 PM: INFO: *** UPDATED SUB-CATEGORY SUCCESSFULLY ***
07/03/2025 04:47:36 PM: INFO: **Test_005_Department - Start**
07/03/2025 04:47:46 PM: INFO: URL VERIFICATION FAILED
07/03/2025 04:49:28 PM: INFO: **Test_005_Department - Start**
07/03/2025 04:49:38 PM: INFO: URL VERIFICATION FAILED
07/03/2025 04:53:02 PM: INFO: **Test_005_Department - Start**
07/03/2025 04:53:13 PM: INFO: URL VERIFICATION FAILED
07/03/2025 04:58:47 PM: INFO: **Test_005_Department - Start**
07/03/2025 04:58:56 PM: INFO: URL VERIFICATION FAILED
07/03/2025 05:02:14 PM: INFO: **Test_005_Department - Start**
07/03/2025 05:04:48 PM: INFO: **Test_005_Department - Start**
07/03/2025 05:04:59 PM: INFO: URL VERIFICATION PASS
07/03/2025 05:05:02 PM: INFO: ***** NEW Department CREATED *****
07/03/2025 05:05:02 PM: INFO: * Search Department displayed *
07/03/2025 05:05:07 PM: INFO: *** UPDATED DEPARTMENT SUCCESSFULLY ***
07/03/2025 05:33:48 PM: INFO: **Test_006_Designation - Start**
07/03/2025 05:33:59 PM: INFO: URL VERIFICATION PASS
07/03/2025 05:34:02 PM: INFO: ***** NEW Designation CREATED *****
07/03/2025 05:34:02 PM: INFO: * Search Designation displayed *
07/03/2025 05:34:07 PM: INFO: *** UPDATED Designation SUCCESSFULLY ***
07/12/2025 04:52:18 PM: INFO: **Test_007_UnitMaster - Start**
07/12/2025 04:52:29 PM: INFO: URL VERIFICATION FAILED
07/12/2025 04:54:12 PM: INFO: **Test_007_UnitMaster - Start**
07/12/2025 04:54:21 PM: INFO: URL VERIFICATION FAILED
07/12/2025 05:09:17 PM: INFO: **Test_007_UnitMaster - Start**
07/12/2025 05:09:27 PM: INFO: URL VERIFICATION FAILED
07/12/2025 05:13:45 PM: INFO: **Test_007_UnitMaster - Start**
07/12/2025 05:13:56 PM: INFO: URL VERIFICATION FAILED
07/12/2025 05:36:23 PM: INFO: **Test_007_UnitMaster - Start**
07/12/2025 05:36:34 PM: INFO: URL VERIFICATION FAILED
07/12/2025 05:41:17 PM: INFO: **Test_007_UnitMaster - Start**
07/12/2025 05:42:54 PM: INFO: **Test_007_UnitMaster - Start**
07/12/2025 05:43:04 PM: INFO: URL VERIFICATION PASS
07/12/2025 05:43:08 PM: INFO: ***** NEW UnitMaster CREATED *****
07/12/2025 05:43:08 PM: INFO: * Search UnitMaster displayed *
07/12/2025 05:43:12 PM: INFO: *** UPDATED UnitMaster SUCCESSFULLY ***
07/14/2025 10:28:52 AM: INFO: **Test_004_SubCategory - Start**
07/14/2025 10:29:04 AM: INFO: URL VERIFICATION PASS
07/14/2025 10:29:05 AM: INFO: *Searched for value: C-101*
07/14/2025 10:29:08 AM: INFO: ***** NEW SUB-CATEGORY CREATED *****
07/14/2025 10:29:10 AM: INFO: *Search Sub-Category displayed*
07/14/2025 10:29:14 AM: INFO: *** UPDATED SUB-CATEGORY SUCCESSFULLY ***
07/14/2025 01:18:06 PM: INFO: **Test_004_SubCategory - Start**
07/14/2025 01:18:17 PM: INFO: URL VERIFICATION PASS
07/14/2025 01:18:17 PM: INFO: *Searched for value: {value_to_select}*
07/14/2025 01:18:20 PM: INFO: ***** NEW SUB-CATEGORY CREATED *****
07/14/2025 01:18:22 PM: INFO: *Search Sub-Category displayed*
07/14/2025 01:18:25 PM: INFO: *** UPDATED SUB-CATEGORY SUCCESSFULLY ***
07/14/2025 03:52:00 PM: INFO: **Test_004_SubCategory - Start**
07/14/2025 03:52:13 PM: INFO: URL VERIFICATION PASS
07/14/2025 03:53:48 PM: INFO: **Test_004_SubCategory - Start**
07/14/2025 03:54:03 PM: INFO: URL VERIFICATION PASS
07/14/2025 03:56:16 PM: INFO: **Test_004_SubCategory - Start**
07/14/2025 03:56:28 PM: INFO: URL VERIFICATION PASS
07/14/2025 03:59:34 PM: INFO: **Test_004_SubCategory - Start**
07/14/2025 03:59:46 PM: INFO: URL VERIFICATION PASS
07/14/2025 04:05:09 PM: INFO: **Test_004_SubCategory - Start**
07/14/2025 04:05:21 PM: INFO: URL VERIFICATION PASS
07/14/2025 04:05:22 PM: INFO: Searching and selecting: C-101
07/14/2025 04:05:25 PM: INFO: ***** NEW SUB-CATEGORY CREATED *****
07/14/2025 04:05:27 PM: INFO: *Search Sub-Category displayed*
07/14/2025 04:05:31 PM: INFO: *** UPDATED SUB-CATEGORY SUCCESSFULLY ***
07/17/2025 08:38:52 PM: INFO: **Test_001_Login - Verifying Login Page URL**
07/17/2025 08:38:56 PM: INFO: **Test_001_Login - Verifying LOGIN with Multiple Users**
07/17/2025 08:39:06 PM: INFO: **Test_001_Login - Verifying Login Page URL**
07/17/2025 08:39:21 PM: INFO: **Test_001_Login - Verifying LOGIN with Multiple Users**
07/17/2025 08:39:55 PM: INFO: URL VERIFICATION FAILED
07/17/2025 08:40:47 PM: INFO: **Test_001_Login - Verifying Login Page URL**
07/17/2025 08:40:57 PM: INFO: URL VERIFICATION PASS
07/17/2025 08:40:59 PM: INFO: **Test_001_Login - Verifying LOGIN with Multiple Users**
07/17/2025 08:41:39 PM: INFO: URL VERIFICATION PASS
07/17/2025 08:43:47 PM: INFO: **Test_001_Login - Verifying Login Page URL**
07/17/2025 08:43:59 PM: INFO: URL VERIFICATION PASS
07/17/2025 08:44:01 PM: INFO: **Test_001_Login - Verifying LOGIN with Multiple Users**
07/17/2025 08:44:41 PM: INFO: URL VERIFICATION PASS
07/17/2025 08:46:07 PM: INFO: **Test_001_Login - Verifying Login Page URL**
07/17/2025 08:46:16 PM: INFO: URL VERIFICATION PASS
07/17/2025 08:46:19 PM: INFO: **Test_001_Login - Verifying LOGIN with Multiple Users**
07/17/2025 08:46:50 PM: INFO: URL VERIFICATION PASS
07/17/2025 08:48:30 PM: INFO: **Test_002_Homepage - Verifying Home Page after Login**
07/17/2025 08:48:45 PM: INFO: URL VERIFICATION PASS
07/17/2025 09:07:08 PM: INFO: **Test_007_UnitMaster - Start**
07/17/2025 09:07:29 PM: INFO: URL VERIFICATION PASS
07/17/2025 09:07:33 PM: INFO: ***** NEW UnitMaster CREATED *****
07/17/2025 09:07:33 PM: INFO: * Search UnitMaster displayed *
07/17/2025 09:09:06 PM: INFO: **Test_003_Category - Start**
07/17/2025 09:09:24 PM: INFO: URL VERIFICATION FAILED
07/17/2025 09:09:32 PM: INFO: **Test_003_Category - Start**
07/17/2025 09:09:50 PM: INFO: URL VERIFICATION FAILED
07/17/2025 09:10:16 PM: INFO: **Test_003_Category - Start**
07/17/2025 09:10:45 PM: INFO: URL VERIFICATION PASS
07/17/2025 09:10:48 PM: INFO: ***** NEW PRODUCT CATEGORY CREATED *****
07/17/2025 09:10:48 PM: INFO: * Search Category displayed *
07/17/2025 09:10:53 PM: INFO: *** UPDATED PRODUCT CATEGORY SUCCESSFULLY ***
07/17/2025 09:11:32 PM: INFO: **Test_003_Category - Start**
07/17/2025 09:11:57 PM: INFO: URL VERIFICATION PASS
07/17/2025 09:12:00 PM: INFO: ***** NEW PRODUCT CATEGORY CREATED *****
07/17/2025 09:12:00 PM: INFO: * Search Category displayed *
07/17/2025 09:17:06 PM: INFO: **Test_004_SubCategory - Start**
07/17/2025 09:17:30 PM: INFO: URL VERIFICATION PASS
07/17/2025 09:17:30 PM: INFO: Searching and selecting: C-101
07/17/2025 09:17:33 PM: INFO: ***** NEW SUB-CATEGORY CREATED *****
07/17/2025 09:17:35 PM: INFO: *Search Sub-Category displayed*
07/17/2025 09:17:39 PM: INFO: *** UPDATED SUB-CATEGORY SUCCESSFULLY ***
07/24/2025 06:19:11 PM: INFO: **Test_007_UnitMaster - Start**
07/24/2025 06:19:21 PM: INFO: URL VERIFICATION PASS
07/24/2025 06:19:25 PM: INFO: ***** NEW UnitMaster CREATED *****
07/24/2025 06:19:25 PM: INFO: * Search UnitMaster displayed *
07/24/2025 06:19:29 PM: INFO: *** UPDATED UnitMaster SUCCESSFULLY ***
07/24/2025 06:20:28 PM: INFO: **Test_003_Category - Start**
07/24/2025 06:20:38 PM: INFO: URL VERIFICATION PASS
07/24/2025 06:20:42 PM: INFO: ***** NEW PRODUCT CATEGORY CREATED *****
07/24/2025 06:20:42 PM: INFO: * Search Category displayed *
07/24/2025 06:20:47 PM: INFO: *** UPDATED PRODUCT CATEGORY SUCCESSFULLY ***
07/24/2025 06:21:06 PM: INFO: **Test_004_SubCategory - Start**
07/24/2025 06:21:15 PM: INFO: URL VERIFICATION PASS
07/24/2025 06:21:16 PM: INFO: Searching and selecting: C-1001
07/24/2025 06:21:18 PM: INFO: ***** NEW SUB-CATEGORY CREATED *****
07/24/2025 06:21:20 PM: INFO: *Search Sub-Category displayed*
07/24/2025 06:21:24 PM: INFO: *** UPDATED SUB-CATEGORY SUCCESSFULLY ***
07/24/2025 06:21:57 PM: INFO: **Test_005_Department - Start**
07/24/2025 06:22:06 PM: INFO: URL VERIFICATION PASS
07/24/2025 06:22:09 PM: INFO: ***** NEW Department CREATED *****
07/24/2025 06:22:10 PM: INFO: * Search Department displayed *
07/24/2025 06:22:14 PM: INFO: *** UPDATED DEPARTMENT SUCCESSFULLY ***
07/24/2025 06:22:31 PM: INFO: **Test_006_Designation - Start**
07/24/2025 06:22:40 PM: INFO: URL VERIFICATION PASS
07/24/2025 06:22:44 PM: INFO: ***** NEW Designation CREATED *****
07/24/2025 06:22:44 PM: INFO: * Search Designation displayed *
07/24/2025 06:22:49 PM: INFO: *** UPDATED Designation SUCCESSFULLY ***
07/24/2025 06:23:19 PM: INFO: **Test_008_Employee - Start**
07/24/2025 06:23:28 PM: INFO: URL VERIFICATION PASS
07/24/2025 06:23:29 PM: INFO: Searching and selecting: D-1001
07/24/2025 06:23:32 PM: INFO: Searching and selecting: D-1001
07/24/2025 06:23:34 PM: INFO: Searching and selecting: E-1000
07/24/2025 06:23:37 PM: INFO: Searching and selecting: E-1000
07/24/2025 06:26:49 PM: INFO: **Test_008_Employee - Start**
07/24/2025 06:26:58 PM: INFO: URL VERIFICATION PASS
07/24/2025 06:26:59 PM: INFO: Searching and selecting: D-1001
07/24/2025 06:27:01 PM: INFO: Searching and selecting: D-1001
07/24/2025 06:27:04 PM: INFO: Searching and selecting: E-1000
07/24/2025 06:27:06 PM: INFO: Searching and selecting: E-1000
07/24/2025 06:30:04 PM: INFO: **Test_008_Employee - Start**
07/24/2025 06:30:13 PM: INFO: URL VERIFICATION PASS
07/24/2025 06:30:14 PM: INFO: Searching and selecting: D-1001
07/24/2025 06:30:17 PM: INFO: Searching and selecting: D-1001
07/24/2025 06:30:19 PM: INFO: Searching and selecting: Emp-14
07/24/2025 06:30:22 PM: INFO: Searching and selecting: Emp-14
07/24/2025 06:33:09 PM: INFO: **Test_008_Employee - Start**
07/24/2025 06:33:18 PM: INFO: URL VERIFICATION PASS
07/24/2025 06:33:19 PM: INFO: Searching and selecting: D-1001
07/24/2025 06:33:21 PM: INFO: Searching and selecting: D-1001
07/24/2025 06:33:24 PM: INFO: Searching and selecting: Emp-14
07/24/2025 06:33:26 PM: INFO: Searching and selecting: Emp-14
07/24/2025 06:34:31 PM: INFO: **Test_008_Employee - Start**
07/24/2025 06:34:40 PM: INFO: URL VERIFICATION PASS
07/24/2025 06:34:41 PM: INFO: Searching and selecting: D-1001
07/24/2025 06:34:43 PM: INFO: Searching and selecting: D-1001
07/24/2025 06:34:46 PM: INFO: Searching and selecting: Emp-14
07/24/2025 06:34:48 PM: INFO: Searching and selecting: Emp-14
07/24/2025 06:36:59 PM: INFO: **Test_008_Employee - Start**
07/24/2025 06:37:09 PM: INFO: URL VERIFICATION PASS
07/24/2025 06:37:10 PM: INFO: Searching and selecting: D-1001
07/24/2025 06:37:14 PM: INFO: Searching and selecting: D-1001
07/24/2025 06:37:19 PM: INFO: Searching and selecting: Emp-14
07/24/2025 06:37:23 PM: INFO: Searching and selecting: Emp-14
07/24/2025 06:39:09 PM: INFO: **Test_008_Employee - Start**
07/24/2025 06:39:18 PM: INFO: URL VERIFICATION PASS
07/24/2025 06:39:19 PM: INFO: Searching and selecting: D-1001
07/24/2025 06:39:23 PM: INFO: Searching and selecting: D-1001
07/24/2025 06:39:28 PM: INFO: Searching and selecting: Emp-14
07/24/2025 06:39:32 PM: INFO: Searching and selecting: Emp-14
07/24/2025 06:40:24 PM: INFO: **Test_008_Employee - Start**
07/24/2025 06:40:33 PM: INFO: URL VERIFICATION PASS
07/24/2025 06:40:34 PM: INFO: Searching and selecting: D-1001
07/24/2025 06:40:38 PM: INFO: Searching and selecting: D-1001
07/24/2025 06:40:43 PM: INFO: Searching and selecting: Emp-14
07/24/2025 06:40:47 PM: INFO: Searching and selecting: Emp-14
07/24/2025 06:41:53 PM: INFO: **Test_008_Employee - Start**
07/24/2025 06:42:04 PM: INFO: URL VERIFICATION PASS
07/24/2025 06:42:05 PM: INFO: Searching and selecting: D-1001
07/24/2025 06:42:10 PM: INFO: Searching and selecting: D-1001
07/24/2025 06:42:14 PM: INFO: Searching and selecting: Emp-14
07/24/2025 06:42:19 PM: INFO: Searching and selecting: Emp-14
07/24/2025 06:42:25 PM: INFO: Searching and selecting: E-1000
07/24/2025 06:47:46 PM: INFO: **Test_008_Employee - Start**
07/24/2025 06:47:58 PM: INFO: URL VERIFICATION PASS
07/24/2025 06:47:59 PM: INFO: Searching and selecting: D-1001
07/24/2025 06:48:03 PM: INFO: Searching and selecting: D-1001
07/24/2025 06:48:08 PM: INFO: Searching and selecting: Emp-14
07/24/2025 06:48:12 PM: INFO: Searching and selecting: Emp-14
07/24/2025 06:48:19 PM: INFO: Searching and selecting: E-1000
07/24/2025 06:50:10 PM: INFO: **Test_008_Employee - Start**
07/24/2025 06:50:22 PM: INFO: URL VERIFICATION PASS
07/24/2025 06:50:23 PM: INFO: Searching and selecting: D-1001
07/24/2025 06:50:28 PM: INFO: Searching and selecting: D-1001
07/24/2025 06:54:56 PM: INFO: **Test_008_Employee - Start**
07/24/2025 06:55:06 PM: INFO: URL VERIFICATION PASS
07/24/2025 06:55:07 PM: INFO: Searching and selecting: D-1001
07/24/2025 06:55:12 PM: INFO: Searching and selecting: D-1001
07/24/2025 06:56:13 PM: INFO: **Test_008_Employee - Start**
07/24/2025 06:56:24 PM: INFO: URL VERIFICATION PASS
07/24/2025 06:56:25 PM: INFO: Searching and selecting: D-1001
07/24/2025 06:56:30 PM: INFO: Searching and selecting: D-1001
07/24/2025 06:56:35 PM: INFO: Searching and selecting: Emp-14
07/24/2025 06:56:40 PM: INFO: Searching and selecting: Emp-14
07/24/2025 06:59:08 PM: INFO: **Test_008_Employee - Start**
07/24/2025 06:59:19 PM: INFO: URL VERIFICATION PASS
07/24/2025 06:59:22 PM: INFO: Searching and selecting: D-1001
07/24/2025 06:59:28 PM: INFO: Searching and selecting: D-1001
07/24/2025 06:59:35 PM: INFO: Searching and selecting: Emp-14
07/24/2025 06:59:42 PM: INFO: Searching and selecting: Emp-14
07/24/2025 07:02:02 PM: INFO: **Test_008_Employee - Start**
07/24/2025 07:02:14 PM: INFO: URL VERIFICATION PASS
07/24/2025 07:02:17 PM: INFO: Searching and selecting: D-1001
07/24/2025 07:02:24 PM: INFO: Searching and selecting: D-1001
07/24/2025 07:02:31 PM: INFO: Searching and selecting: Emp-14
07/24/2025 07:02:38 PM: INFO: Searching and selecting: Emp-14
07/24/2025 07:02:48 PM: INFO: Searching and selecting: E-1000
07/24/2025 07:03:27 PM: INFO: **Test_008_Employee - Start**
07/24/2025 07:03:38 PM: INFO: URL VERIFICATION PASS
07/24/2025 07:03:41 PM: INFO: Searching and selecting: D-1001
07/24/2025 07:03:48 PM: INFO: Searching and selecting: D-1001
07/24/2025 07:03:55 PM: INFO: Searching and selecting: Emp-14
07/24/2025 07:04:02 PM: INFO: Searching and selecting: Emp-14
07/24/2025 07:04:11 PM: INFO: Searching and selecting: Emp-14
07/25/2025 10:13:27 AM: INFO: **Test_008_Employee - Start**
07/25/2025 10:13:39 AM: INFO: URL VERIFICATION PASS
07/25/2025 10:13:43 AM: INFO: Searching and selecting: D-1001
07/25/2025 10:13:49 AM: INFO: Searching and selecting: D-1001
07/25/2025 10:13:56 AM: INFO: Searching and selecting: Emp-14
07/25/2025 10:14:02 AM: INFO: Searching and selecting: Emp-14
07/25/2025 10:14:12 AM: INFO: Searching and selecting: Emp-14
07/25/2025 10:23:05 AM: INFO: **Test_008_Employee - Start**
07/25/2025 10:23:16 AM: INFO: URL VERIFICATION PASS
07/25/2025 10:23:19 AM: INFO: Searching and selecting: D-1001
07/25/2025 10:23:26 AM: INFO: Searching and selecting: D-1001
07/25/2025 10:23:33 AM: INFO: Searching and selecting: Emp-14
07/25/2025 10:23:39 AM: INFO: Searching and selecting: Emp-14
07/25/2025 10:23:49 AM: INFO: Searching and selecting: Emp-14
07/25/2025 10:25:35 AM: INFO: **Test_008_Employee - Start**
07/25/2025 10:25:49 AM: INFO: URL VERIFICATION PASS
07/25/2025 10:25:53 AM: INFO: Searching and selecting: D-1001
07/25/2025 10:25:59 AM: INFO: Searching and selecting: D-1001
07/25/2025 10:26:06 AM: INFO: Searching and selecting: Emp-14
07/25/2025 10:26:13 AM: INFO: Searching and selecting: Emp-14
07/25/2025 10:26:22 AM: INFO: Searching and selecting: All Permission
07/25/2025 10:47:36 AM: INFO: **Test_008_Employee - Start**
07/25/2025 10:47:47 AM: INFO: URL VERIFICATION PASS
07/25/2025 10:47:50 AM: INFO: Searching and selecting: D-1001
07/25/2025 10:47:56 AM: INFO: Searching and selecting: D-1001
07/25/2025 10:48:03 AM: INFO: Searching and selecting: Emp-14
07/25/2025 10:48:09 AM: INFO: Searching and selecting: Emp-14
07/25/2025 10:48:18 AM: INFO: Searching and selecting: All Permission
07/25/2025 10:50:26 AM: INFO: **Test_008_Employee - Start**
07/25/2025 10:50:37 AM: INFO: URL VERIFICATION PASS
07/25/2025 10:50:40 AM: INFO: Searching and selecting: D-1001
07/25/2025 10:50:47 AM: INFO: Searching and selecting: D-1001
07/25/2025 10:50:54 AM: INFO: Searching and selecting: Emp-14
07/25/2025 10:51:01 AM: INFO: Searching and selecting: Emp-14
07/25/2025 10:51:11 AM: INFO: Searching and selecting: All Permission
07/25/2025 03:51:20 PM: INFO: **Test_008_Employee - Start**
07/25/2025 03:51:30 PM: INFO: URL VERIFICATION PASS
07/25/2025 03:51:32 PM: INFO: Searching and selecting: D-1001
07/25/2025 03:51:39 PM: INFO: Searching and selecting: D-1001
07/25/2025 03:51:45 PM: INFO: Searching and selecting: Emp-14
07/25/2025 03:51:52 PM: INFO: Searching and selecting: Emp-14
07/25/2025 03:52:01 PM: INFO: Searching and selecting: All Permission
07/25/2025 03:52:15 PM: INFO: * Search Employee displayed *
07/25/2025 03:52:46 PM: INFO: **Test_008_Employee - Start**
07/25/2025 03:52:55 PM: INFO: URL VERIFICATION PASS
07/25/2025 03:52:58 PM: INFO: Searching and selecting: D-1001
07/25/2025 03:53:04 PM: INFO: Searching and selecting: D-1001
07/25/2025 03:53:11 PM: INFO: Searching and selecting: Emp-14
07/25/2025 03:53:17 PM: INFO: Searching and selecting: Emp-14
07/25/2025 03:53:26 PM: INFO: Searching and selecting: All Permission
07/25/2025 03:53:41 PM: INFO: * Search Employee displayed *
07/25/2025 03:53:45 PM: INFO: *** UPDATED Designation SUCCESSFULLY ***
